Determining if the pthread_create exist failed with the following output:
Change Dir: /storage/hieuht/hpc/advancedhpc2021/CMakeFiles/CMakeTmp

Run Build Command:"/usr/bin/make" "cmTC_1e7c6/fast"
/usr/bin/make -f CMakeFiles/cmTC_1e7c6.dir/build.make CMakeFiles/cmTC_1e7c6.dir/build
make[1]: Entering directory '/storage/hieuht/hpc/advancedhpc2021/CMakeFiles/CMakeTmp'
Building C object CMakeFiles/cmTC_1e7c6.dir/CheckSymbolExists.c.o
/usr/bin/cc   -fPIC    -o CMakeFiles/cmTC_1e7c6.dir/CheckSymbolExists.c.o   -c /storage/hieuht/hpc/advancedhpc2021/CMakeFiles/CMakeTmp/CheckSymbolExists.c
Linking C executable cmTC_1e7c6
/usr/bin/cmake -E cmake_link_script CMakeFiles/cmTC_1e7c6.dir/link.txt --verbose=1
/usr/bin/cc -fPIC     -rdynamic CMakeFiles/cmTC_1e7c6.dir/CheckSymbolExists.c.o  -o cmTC_1e7c6 
/usr/bin/ld: CMakeFiles/cmTC_1e7c6.dir/CheckSymbolExists.c.o: in function `main':
CheckSymbolExists.c:(.text+0x1b): undefined reference to `pthread_create'
collect2: error: ld returned 1 exit status
make[1]: *** [CMakeFiles/cmTC_1e7c6.dir/build.make:87: cmTC_1e7c6] Error 1
make[1]: Leaving directory '/storage/hieuht/hpc/advancedhpc2021/CMakeFiles/CMakeTmp'
make: *** [Makefile:121: cmTC_1e7c6/fast] Error 2

File /storage/hieuht/hpc/advancedhpc2021/CMakeFiles/CMakeTmp/CheckSymbolExists.c:
/* */
#include <pthread.h>

int main(int argc, char** argv)
{
  (void)argv;
#ifndef pthread_create
  return ((int*)(&pthread_create))[argc];
#else
  (void)argc;
  return 0;
#endif
}

Determining if the function pthread_create exists in the pthreads failed with the following output:
Change Dir: /storage/hieuht/hpc/advancedhpc2021/CMakeFiles/CMakeTmp

Run Build Command:"/usr/bin/make" "cmTC_cbc9f/fast"
/usr/bin/make -f CMakeFiles/cmTC_cbc9f.dir/build.make CMakeFiles/cmTC_cbc9f.dir/build
make[1]: Entering directory '/storage/hieuht/hpc/advancedhpc2021/CMakeFiles/CMakeTmp'
Building C object CMakeFiles/cmTC_cbc9f.dir/CheckFunctionExists.c.o
/usr/bin/cc   -fPIC -DCHECK_FUNCTION_EXISTS=pthread_create   -o CMakeFiles/cmTC_cbc9f.dir/CheckFunctionExists.c.o   -c /usr/share/cmake-3.13/Modules/CheckFunctionExists.c
Linking C executable cmTC_cbc9f
/usr/bin/cmake -E cmake_link_script CMakeFiles/cmTC_cbc9f.dir/link.txt --verbose=1
/usr/bin/cc -fPIC -DCHECK_FUNCTION_EXISTS=pthread_create    -rdynamic CMakeFiles/cmTC_cbc9f.dir/CheckFunctionExists.c.o  -o cmTC_cbc9f -lpthreads 
/usr/bin/ld: cannot find -lpthreads
collect2: error: ld returned 1 exit status
make[1]: *** [CMakeFiles/cmTC_cbc9f.dir/build.make:87: cmTC_cbc9f] Error 1
make[1]: Leaving directory '/storage/hieuht/hpc/advancedhpc2021/CMakeFiles/CMakeTmp'
make: *** [Makefile:121: cmTC_cbc9f/fast] Error 2


